Arguments: 
  C:\Program Files\nodejs\node.exe C:\Program Files\nodejs\node_modules\yarn\bin\yarn.js install

PATH: 
  C:\Users\pc\bin;C:\Program Files\Git\mingw64\bin;C:\Program Files\Git\usr\local\bin;C:\Program Files\Git\usr\bin;C:\Program Files\Git\usr\bin;C:\Program Files\Git\mingw64\bin;C:\Program Files\Git\usr\bin;C:\Users\pc\bin;C:\Program Files\Microsoft\jdk-11.0.20.8-hotspot\bin;C:\Program Files\Common Files\Oracle\Java\javapath;C:\Windows\system32;C:\Windows;C:\Windows\System32\Wbem;C:\Windows\System32\WindowsPowerShell\v1.0;C:\Windows\System32\OpenSSH;C:\Program Files (x86)\NVIDIA Corporation\PhysX\Common;C:\Program Files\NVIDIA Corporation\NVIDIA NvDLISR;C:\Program Files\Git\cmd;C:\Program Files\Java\jdk-19\bin;C:\WINDOWS\system32;C:\WINDOWS;C:\WINDOWS\System32\Wbem;C:\WINDOWS\System32\WindowsPowerShell\v1.0;C:\WINDOWS\System32\OpenSSH;C:\Program Files\MongoDB\Server\6.0\bin;C:\Program Files\MySQL\MySQL Server 8.0\bin;C:\Users\pc\AppData\Roaming\nvm;C:\Program Files\nodejs;C:\xampp\php;C:\ProgramData\ComposerSetup\bin;C:\ProgramData\chocolatey\bin;C:\Users\pc\AppData\Local\Android\Sdk\platform-tools;C:\Program Files\Docker\Docker\resources\bin;C:\Users\pc\AppData\Local\Programs\Python\Python311\Scripts;C:\Users\pc\AppData\Local\Programs\Python\Python311;C:\Program Files\MySQL\MySQL Shell 8.0\bin;C:\Users\pc\AppData\Local\Microsoft\WindowsApps;C:\Users\pc\AppData\Local\Programs\Microsoft VS Code\bin;C:\Users\pc\AppData\Roaming\nvm;C:\Program Files\nodejs;C:\Users\pc\AppData\Roaming\Composer\vendor\bin;C:\Users\pc\AppData\Local\Android\Sdk\platform-tools;C:\Program Files\Git\usr\bin\vendor_perl;C:\Program Files\Git\usr\bin\core_perl

Yarn version: 
  1.22.19

Node version: 
  18.0.0

Platform: 
  win32 x64

Trace: 
  Error: https://registry.yarnpkg.com/@mui/icons-material/-/icons-material-5.15.7.tgz: ESOCKETTIMEDOUT
      at ClientRequest.<anonymous> (C:\Users\pc\AppData\Roaming\nvm\v18.0.0\node_modules\yarn\lib\cli.js:141517:19)
      at Object.onceWrapper (node:events:641:28)
      at ClientRequest.emit (node:events:527:28)
      at TLSSocket.emitRequestTimeout (node:_http_client:770:9)
      at Object.onceWrapper (node:events:641:28)
      at TLSSocket.emit (node:events:539:35)
      at Socket._onTimeout (node:net:522:8)
      at listOnTimeout (node:internal/timers:564:17)
      at process.processTimers (node:internal/timers:507:7)

npm manifest: 
  {
    "name": "demo1",
    "version": "8.1.5",
    "dependencies": {
      "@emotion/react": "^11.10.6",
      "@emotion/styled": "^11.10.6",
      "@formatjs/intl-pluralrules": "4.3.3",
      "@formatjs/intl-relativetimeformat": "10.0.1",
      "@fortawesome/fontawesome-free": "6.1.1",
      "@mui/icons-material": "^5.11.11",
      "@mui/material": "^5.11.11",
      "@mui/x-date-pickers": "^6.0.3",
      "@popperjs/core": "2.11.6",
      "@react-google-maps/api": "^2.19.2",
      "animate.css": "4.1.1",
      "apexcharts": "3.35.0",
      "axios": "0.26.1",
      "bootstrap": "5.2.2",
      "bootstrap-icons": "^1.5.0",
      "chart.js": "^4.2.1",
      "clsx": "1.1.1",
      "dayjs": "^1.11.7",
      "formik": "^2.2.9",
      "gh-pages": "^5.0.0",
      "howler": "^2.2.3",
      "js-cookie": "^3.0.5",
      "line-awesome": "1.3.0",
      "memfs": "^4.2.0",
      "nouislider": "15.5.1",
      "prism-react-renderer": "1.3.1",
      "prism-themes": "1.9.0",
      "prismjs": "1.28.0",
      "qs": "6.10.3",
      "react": "18.0.0",
      "react-apexcharts": "1.4.0",
      "react-bootstrap": "2.5.0-beta.1",
      "react-chartjs-2": "^5.2.0",
      "react-copy-to-clipboard": "5.1.0",
      "react-dom": "18.0.0",
      "react-inlinesvg": "3.0.0",
      "react-intl": "5.25.0",
      "react-minimal-pie-chart": "^8.4.0",
      "react-pie-graph-chart": "^1.0.3",
      "react-query": "3.38.0",
      "react-router-dom": "6.3.0",
      "react-scripts": "5.0.1",
      "react-table": "^7.7.0",
      "react-topbar-progress-indicator": "4.1.1",
      "sass": "1.50.1",
      "socicon": "3.0.5",
      "socket.io-client": "^4.7.1",
      "yup": "0.32.11"
    },
    "devDependencies": {
      "@testing-library/jest-dom": "5.16.4",
      "@testing-library/react": "13.1.1",
      "@testing-library/user-event": "13.5.0",
      "@types/bootstrap": "5.1.10",
      "@types/chart.js": "2.9.37",
      "@types/jest": "27.4.1",
      "@types/js-cookie": "^3.0.3",
      "@types/node": "16.11.27",
      "@types/prismjs": "1.26.0",
      "@types/qs": "6.9.7",
      "@types/react": "18.0.6",
      "@types/react-copy-to-clipboard": "5.0.2",
      "@types/react-dom": "18.0.2",
      "@types/react-table": "^7.7.9",
      "@types/sass-loader": "8.0.3",
      "css-loader": "6.7.1",
      "del": "6.0.0",
      "mini-css-extract-plugin": "2.6.1",
      "prettier": "2.6.2",
      "rtlcss-webpack-plugin": "4.0.7",
      "sass-loader": "13.0.2",
      "typescript": "4.6.3",
      "webpack": "5.74.0",
      "webpack-cli": "4.10.0"
    },
    "scripts": {
      "start": "react-scripts start ",
      "predeploy": "npm run build",
      "deploy": "gh-pages -d build",
      "build": "react-scripts build",
      "test": "react-scripts test",
      "eject": "react-scripts eject",
      "lint": "prettier --check .",
      "format": "prettier --write .",
      "rtl": "webpack --config=rtl.config.js"
    },
    "eslintConfig": {
      "extends": [
        "react-app",
        "react-app/jest"
      ]
    },
    "browserslist": {
      "production": [
        ">0.2%",
        "not dead",
        "not op_mini all"
      ],
      "development": [
        "last 1 chrome version",
        "last 1 firefox version",
        "last 1 safari version"
      ]
    },
    "eslintIgnore": [
      "dist/*"
    ]
  }

yarn manifest: 
  No manifest

Lockfile: 
  No lockfile
